_CONDOR_AssignedGPUS: 10000
CUDA_VISIBLE_DEVICES: 
5 arguments
activate CONDA environment: cosmicgnn
change directory: /home/mue/karres/git/Mu3eCosmicGNN/examples/Cosmic_GNN
Execute command:  acorn infer base.yaml
Full dataset: 19920 events
Split into:
Trainset: 15936 events
Valset: 1992 events
Testset: 1992 events
===========================================
Building valset CSV files started!
Building valset CSV files completed!
Building testset CSV files started!
Building testset CSV files completed!
Building trainset CSV files started!
Building trainset CSV files completed!
Building truth graphs started! (valset)
Building truth graphs completed!
Building truth graphs started! (testset)
Building truth graphs completed!
Building truth graphs started! (trainset)
Building truth graphs completed!
Building fully connected graphs started! (valset)
Building fully connected graphs completed!
Building fully connected graphs started! (testset)
Building fully connected graphs completed!
Building fully connected graphs started! (trainset)
Building fully connected graphs completed!
